TN:
SF:src\modules\feedbacks\services\CreateFeedbackService.ts
FN:16,handle
FN:12,CreateFeedbackService
FNF:2
FNH:2
FNDA:4,handle
FNDA:1,CreateFeedbackService
DA:1,1
DA:2,1
DA:3,1
DA:4,1
DA:5,1
DA:6,1
DA:7,1
DA:8,1
DA:9,1
DA:10,1
DA:11,1
DA:12,1
DA:13,1
DA:14,1
DA:15,1
DA:16,1
DA:17,4
DA:18,1
DA:19,1
DA:20,3
DA:21,4
DA:22,1
DA:23,1
DA:24,2
DA:25,4
DA:26,1
DA:27,1
DA:28,1
DA:29,1
DA:30,1
DA:31,1
DA:32,1
DA:33,1
DA:34,1
DA:35,1
DA:36,1
DA:37,1
DA:38,1
DA:39,1
DA:40,1
DA:41,1
DA:42,4
DA:43,4
DA:44,4
DA:45,1
DA:46,1
DA:47,1
DA:48,1
DA:49,1
DA:50,1
LF:50
LH:50
BRDA:16,0,0,4
BRDA:17,1,0,1
BRDA:20,2,0,3
BRDA:21,3,0,1
BRDA:24,4,0,2
BRDA:25,5,0,1
BRDA:42,6,0,0
BRDA:45,7,0,1
BRDA:12,8,0,1
BRF:9
BRH:8
end_of_record
TN:
SF:src\shared\errors\AppError.ts
FN:6,AppError
FNF:1
FNH:1
FNDA:3,AppError
DA:1,1
DA:2,1
DA:3,1
DA:4,1
DA:5,1
DA:6,1
DA:7,3
DA:8,3
DA:9,3
DA:10,1
DA:11,1
DA:12,1
LF:12
LH:12
BRDA:6,0,0,3
BRF:1
BRH:1
end_of_record
